d:\visual studio\user\source\repos\shashki2\project2\x64\debug\vc142.pdb
d:\visual studio\user\source\repos\shashki2\project2\x64\debug\vc142.idb
d:\visual studio\user\source\repos\shashki2\project2\x64\debug\struct.obj
d:\visual studio\user\source\repos\shashki2\project2\x64\debug\playervscomputer.obj
d:\visual studio\user\source\repos\shashki2\project2\x64\debug\field2.obj
d:\visual studio\user\source\repos\shashki2\project2\x64\debug\field1.obj
d:\visual studio\user\source\repos\shashki2\project2\x64\debug\chekersforvictor.obj
d:\visual studio\user\source\repos\shashki2\project2\x64\debug\chekers2.obj
d:\visual studio\user\source\repos\shashki2\project2\x64\debug\chekers1.obj
d:\visual studio\user\source\repos\shashki2\x64\debug\project2.pdb
d:\visual studio\user\source\repos\shashki2\project2\x64\debug\project2.tlog\cl.command.1.tlog
d:\visual studio\user\source\repos\shashki2\project2\x64\debug\project2.tlog\cl.read.1.tlog
d:\visual studio\user\source\repos\shashki2\project2\x64\debug\project2.tlog\cl.write.1.tlog
d:\visual studio\user\source\repos\shashki2\project2\x64\debug\project2.tlog\link-cvtres.read.1.tlog
d:\visual studio\user\source\repos\shashki2\project2\x64\debug\project2.tlog\link-cvtres.write.1.tlog
d:\visual studio\user\source\repos\shashki2\project2\x64\debug\project2.tlog\link-rc.read.1.tlog
d:\visual studio\user\source\repos\shashki2\project2\x64\debug\project2.tlog\link-rc.write.1.tlog
d:\visual studio\user\source\repos\shashki2\project2\x64\debug\project2.tlog\link.command.1.tlog
d:\visual studio\user\source\repos\shashki2\project2\x64\debug\project2.tlog\link.read.1.tlog
d:\visual studio\user\source\repos\shashki2\project2\x64\debug\project2.tlog\link.write.1.tlog
